TN:
SF:C:\Users\harlan\Desktop\Ricebook\src\polyfills.ts
FNF:0
FNH:0
LF:0
LH:0
BRF:0
BRH:0
end_of_record
TN:
SF:C:\Users\harlan\Desktop\Ricebook\src\test.ts
FNF:0
FNH:0
DA:13,1
DA:18,1
DA:20,1
LF:3
LH:3
BRF:0
BRH:0
end_of_record
TN:
SF:C:\Users\harlan\Desktop\Ricebook\src\app\app.component.ts
FN:8,(anonymous_1)
FN:3,AppComponent
FNF:2
FNH:1
FNDA:1,(anonymous_1)
FNDA:0,AppComponent
DA:8,1
DA:9,0
DA:10,1
LF:3
LH:2
BRF:0
BRH:0
end_of_record
TN:
SF:C:\Users\harlan\Desktop\Ricebook\src\app\user_login.ts
FN:4,(anonymous_0)
FNF:1
FNH:1
FNDA:1,(anonymous_0)
DA:4,1
DA:7,1
LF:2
LH:2
BRF:0
BRH:0
end_of_record
TN:
SF:C:\Users\harlan\Desktop\Ricebook\src\app\user_registration.ts
FN:4,(anonymous_0)
FNF:1
FNH:1
FNDA:1,(anonymous_0)
DA:4,1
DA:15,1
LF:2
LH:2
BRF:0
BRH:0
end_of_record
TN:
SF:C:\Users\harlan\Desktop\Ricebook\src\app\auth\auth.component.ts
FN:8,(anonymous_2)
FN:10,AuthComponent
FN:12,(anonymous_4)
FNF:3
FNH:1
FNDA:1,(anonymous_2)
FNDA:0,AuthComponent
FNDA:0,(anonymous_4)
DA:8,1
DA:12,1
DA:15,0
DA:17,1
LF:4
LH:3
BRF:0
BRH:0
end_of_record
TN:
SF:C:\Users\harlan\Desktop\Ricebook\src\app\auth\login\login.component.ts
FN:10,(anonymous_2)
FN:25,LoginComponent
FN:27,(anonymous_4)
FN:38,(anonymous_5)
FN:50,(anonymous_6)
FN:51,(anonymous_7)
FN:61,(anonymous_8)
FN:62,(anonymous_9)
FN:72,(anonymous_10)
FN:73,(anonymous_11)
FN:83,(anonymous_12)
FN:104,(anonymous_13)
FN:118,(anonymous_14)
FN:139,(anonymous_15)
FNF:14
FNH:1
FNDA:1,(anonymous_2)
FNDA:0,LoginComponent
FNDA:0,(anonymous_4)
FNDA:0,(anonymous_5)
FNDA:0,(anonymous_6)
FNDA:0,(anonymous_7)
FNDA:0,(anonymous_8)
FNDA:0,(anonymous_9)
FNDA:0,(anonymous_10)
FNDA:0,(anonymous_11)
FNDA:0,(anonymous_12)
FNDA:0,(anonymous_13)
FNDA:0,(anonymous_14)
FNDA:0,(anonymous_15)
DA:10,1
DA:11,0
DA:12,0
DA:13,0
DA:14,0
DA:15,0
DA:19,0
DA:21,0
DA:22,0
DA:25,0
DA:27,1
DA:28,0
DA:29,0
DA:30,0
DA:31,0
DA:38,1
DA:39,0
DA:40,0
DA:41,0
DA:42,0
DA:50,1
DA:51,0
DA:52,0
DA:61,1
DA:62,0
DA:63,0
DA:64,0
DA:72,1
DA:73,0
DA:74,0
DA:75,0
DA:83,1
DA:84,0
DA:85,0
DA:87,0
DA:88,0
DA:89,0
DA:92,0
DA:97,0
DA:104,1
DA:105,0
DA:106,0
DA:107,0
DA:118,1
DA:119,0
DA:120,0
DA:121,0
DA:124,0
DA:125,0
DA:126,0
DA:127,0
DA:131,0
DA:139,1
DA:140,0
DA:141,0
DA:143,0
DA:144,0
DA:146,0
DA:147,0
DA:148,0
DA:150,0
DA:151,0
DA:152,0
DA:153,0
DA:156,0
DA:157,0
DA:158,0
DA:159,0
DA:164,1
LF:69
LH:11
BRDA:87,0,0,0
BRDA:87,0,1,0
BRDA:106,1,0,0
BRDA:106,1,1,0
BRDA:120,2,0,0
BRDA:120,2,1,0
BRDA:126,3,0,0
BRDA:126,3,1,0
BRDA:144,4,0,0
BRDA:144,4,1,0
BRDA:144,5,0,0
BRDA:144,5,1,0
BRDA:156,6,0,0
BRDA:156,6,1,0
BRF:14
BRH:0
end_of_record
TN:
SF:C:\Users\harlan\Desktop\Ricebook\src\app\auth\login\login.service.ts
FN:10,(anonymous_2)
FN:16,LoginService
FN:18,(anonymous_4)
FN:22,(anonymous_5)
FN:26,(anonymous_6)
FN:37,(anonymous_7)
FN:53,(anonymous_8)
FN:63,(anonymous_9)
FNF:8
FNH:5
FNDA:1,(anonymous_2)
FNDA:4,LoginService
FNDA:0,(anonymous_4)
FNDA:0,(anonymous_5)
FNDA:0,(anonymous_6)
FNDA:4,(anonymous_7)
FNDA:1,(anonymous_8)
FNDA:1,(anonymous_9)
DA:10,1
DA:12,4
DA:13,4
DA:14,4
DA:16,4
DA:18,1
DA:19,0
DA:22,1
DA:23,0
DA:26,1
DA:27,0
DA:37,1
DA:38,4
DA:39,4
DA:40,2
DA:43,2
DA:53,1
DA:54,1
DA:55,1
DA:63,1
DA:64,1
DA:65,1
DA:68,1
LF:23
LH:20
BRDA:39,0,0,2
BRDA:39,0,1,2
BRDA:39,1,0,4
BRDA:39,1,1,2
BRF:4
BRH:4
end_of_record
TN:
SF:C:\Users\harlan\Desktop\Ricebook\src\app\auth\registration\registration.component.ts
FN:10,(anonymous_2)
FN:26,RegistrationComponent
FN:15,(anonymous_4)
FN:28,(anonymous_5)
FNF:4
FNH:1
FNDA:1,(anonymous_2)
FNDA:0,RegistrationComponent
FNDA:0,(anonymous_4)
FNDA:0,(anonymous_5)
DA:10,1
DA:13,0
DA:15,1
DA:16,0
DA:17,0
DA:18,0
DA:19,0
DA:20,0
DA:21,0
DA:22,0
DA:23,0
DA:28,1
DA:32,1
LF:13
LH:4
BRF:0
BRH:0
end_of_record
TN:
SF:C:\Users\harlan\Desktop\Ricebook\src\app\main\main.component.ts
FN:9,(anonymous_2)
FN:11,MainComponent
FN:13,(anonymous_4)
FN:26,(anonymous_5)
FN:60,(anonymous_6)
FN:64,(anonymous_7)
FN:68,(anonymous_8)
FNF:7
FNH:1
FNDA:1,(anonymous_2)
FNDA:0,MainComponent
FNDA:0,(anonymous_4)
FNDA:0,(anonymous_5)
FNDA:0,(anonymous_6)
FNDA:0,(anonymous_7)
FNDA:0,(anonymous_8)
DA:9,1
DA:10,0
DA:11,0
DA:13,1
DA:17,0
DA:18,0
DA:26,1
DA:29,0
DA:30,0
DA:60,1
DA:64,1
DA:65,0
DA:68,1
DA:69,0
DA:71,1
LF:15
LH:7
BRF:0
BRH:0
end_of_record
TN:
SF:C:\Users\harlan\Desktop\Ricebook\src\app\main\main.service.ts
FN:7,(anonymous_2)
FN:9,MainService
FN:11,(anonymous_4)
FN:15,(anonymous_5)
FNF:4
FNH:4
FNDA:1,(anonymous_2)
FNDA:3,MainService
FNDA:1,(anonymous_4)
FNDA:3,(anonymous_5)
DA:7,1
DA:11,1
DA:12,1
DA:15,1
DA:16,3
DA:17,3
DA:18,0
DA:22,3
DA:24,3
DA:25,18
DA:27,3
DA:31,3
DA:33,1
LF:13
LH:12
BRDA:17,0,0,0
BRDA:17,0,1,3
BRDA:25,1,0,3
BRDA:25,1,1,15
BRDA:25,2,0,18
BRDA:25,2,1,15
BRF:6
BRH:5
end_of_record
TN:
SF:C:\Users\harlan\Desktop\Ricebook\src\app\main\following\following.component.ts
FN:10,(anonymous_2)
FN:31,FollowingComponent
FN:33,(anonymous_4)
FN:45,(anonymous_5)
FN:46,(anonymous_6)
FN:56,(anonymous_7)
FN:57,(anonymous_8)
FN:66,(anonymous_9)
FN:75,(anonymous_10)
FN:88,(anonymous_11)
FN:128,(anonymous_12)
FN:153,(anonymous_13)
FN:172,(anonymous_14)
FNF:13
FNH:1
FNDA:1,(anonymous_2)
FNDA:0,FollowingComponent
FNDA:0,(anonymous_4)
FNDA:0,(anonymous_5)
FNDA:0,(anonymous_6)
FNDA:0,(anonymous_7)
FNDA:0,(anonymous_8)
FNDA:0,(anonymous_9)
FNDA:0,(anonymous_10)
FNDA:0,(anonymous_11)
FNDA:0,(anonymous_12)
FNDA:0,(anonymous_13)
FNDA:0,(anonymous_14)
DA:10,1
DA:12,0
DA:14,0
DA:16,0
DA:18,0
DA:20,0
DA:23,0
DA:24,0
DA:25,0
DA:29,1
DA:31,0
DA:33,1
DA:34,0
DA:35,0
DA:36,0
DA:37,0
DA:45,1
DA:46,0
DA:47,0
DA:56,1
DA:57,0
DA:58,0
DA:66,1
DA:67,0
DA:68,0
DA:75,1
DA:76,0
DA:77,0
DA:88,1
DA:90,0
DA:91,0
DA:92,0
DA:97,0
DA:99,0
DA:100,0
DA:101,0
DA:106,0
DA:107,0
DA:108,0
DA:109,0
DA:113,0
DA:117,0
DA:118,0
DA:119,0
DA:128,1
DA:129,0
DA:130,0
DA:131,0
DA:132,0
DA:133,0
DA:137,0
DA:138,0
DA:144,0
DA:145,0
DA:153,1
DA:154,0
DA:162,0
DA:163,0
DA:164,0
DA:172,1
DA:173,0
DA:174,0
DA:175,0
DA:176,0
DA:177,0
DA:180,1
LF:66
LH:12
BRDA:91,0,0,0
BRDA:91,0,1,0
BRDA:99,1,0,0
BRDA:99,1,1,0
BRDA:106,2,0,0
BRDA:106,2,1,0
BRDA:106,3,0,0
BRDA:106,3,1,0
BRDA:130,4,0,0
BRDA:130,4,1,0
BRDA:131,5,0,0
BRDA:131,5,1,0
BRF:12
BRH:0
end_of_record
TN:
SF:C:\Users\harlan\Desktop\Ricebook\src\app\main\following\following.service.ts
FN:10,(anonymous_2)
FN:16,FollowingService
FN:24,(anonymous_4)
FN:43,(anonymous_5)
FN:50,(anonymous_6)
FN:60,(anonymous_7)
FN:71,(anonymous_8)
FN:89,(anonymous_9)
FNF:8
FNH:5
FNDA:1,(anonymous_2)
FNDA:3,FollowingService
FNDA:0,(anonymous_4)
FNDA:0,(anonymous_5)
FNDA:1,(anonymous_6)
FNDA:0,(anonymous_7)
FNDA:1,(anonymous_8)
FNDA:1,(anonymous_9)
DA:10,1
DA:12,3
DA:13,3
DA:16,3
DA:24,1
DA:35,0
DA:43,1
DA:44,0
DA:50,1
DA:51,1
DA:52,1
DA:53,6
DA:54,3
DA:57,1
DA:60,1
DA:71,1
DA:73,1
DA:74,1
DA:75,4
DA:76,2
DA:79,1
DA:89,1
DA:90,1
DA:91,6
DA:92,1
DA:95,1
DA:97,1
LF:27
LH:25
BRDA:53,0,0,3
BRDA:53,0,1,3
BRDA:75,1,0,2
BRDA:75,1,1,2
BRDA:91,2,0,1
BRDA:91,2,1,5
BRF:6
BRH:6
end_of_record
TN:
SF:C:\Users\harlan\Desktop\Ricebook\src\app\main\headline\headline.component.ts
FN:12,(anonymous_2)
FN:14,HeadlineComponent
FN:53,(anonymous_4)
FN:67,(anonymous_5)
FN:83,(anonymous_6)
FN:89,(anonymous_7)
FN:112,(anonymous_8)
FN:117,(anonymous_9)
FNF:8
FNH:1
FNDA:1,(anonymous_2)
FNDA:0,HeadlineComponent
FNDA:0,(anonymous_4)
FNDA:0,(anonymous_5)
FNDA:0,(anonymous_6)
FNDA:0,(anonymous_7)
FNDA:0,(anonymous_8)
FNDA:0,(anonymous_9)
DA:12,1
DA:14,0
DA:17,0
DA:19,0
DA:20,0
DA:24,1
DA:27,0
DA:35,0
DA:36,0
DA:38,0
DA:41,0
DA:42,0
DA:52,0
DA:53,1
DA:54,0
DA:55,0
DA:67,1
DA:68,0
DA:69,0
DA:72,0
DA:73,0
DA:74,0
DA:75,0
DA:76,0
DA:83,1
DA:84,0
DA:85,0
DA:89,1
DA:90,0
DA:91,0
DA:92,0
DA:112,1
DA:116,0
DA:118,0
DA:119,0
DA:120,0
DA:121,0
DA:122,0
DA:123,0
DA:126,0
DA:127,0
DA:129,0
DA:130,0
DA:131,0
DA:132,0
DA:133,0
DA:139,1
LF:47
LH:8
BRDA:123,0,0,0
BRDA:123,0,1,0
BRF:2
BRH:0
end_of_record
TN:
SF:C:\Users\harlan\Desktop\Ricebook\src\app\main\headline\headline.service.ts
FN:10,(anonymous_2)
FN:16,HeadlineService
FN:20,(anonymous_4)
FN:27,(anonymous_5)
FNF:4
FNH:1
FNDA:1,(anonymous_2)
FNDA:0,HeadlineService
FNDA:0,(anonymous_4)
FNDA:0,(anonymous_5)
DA:10,1
DA:13,0
DA:16,0
DA:20,1
DA:21,0
DA:27,1
DA:28,0
DA:32,1
LF:8
LH:4
BRF:0
BRH:0
end_of_record
TN:
SF:C:\Users\harlan\Desktop\Ricebook\src\app\main\posts\posts.component.ts
FN:9,(anonymous_2)
FN:14,PostsComponent
FN:16,(anonymous_4)
FN:26,(anonymous_5)
FNF:4
FNH:1
FNDA:1,(anonymous_2)
FNDA:0,PostsComponent
FNDA:0,(anonymous_4)
FNDA:0,(anonymous_5)
DA:9,1
DA:10,1
DA:12,0
DA:14,0
DA:16,1
DA:26,0
DA:27,0
DA:29,0
DA:31,1
LF:9
LH:4
BRF:0
BRH:0
end_of_record
TN:
SF:C:\Users\harlan\Desktop\Ricebook\src\app\main\posts\posts.service.ts
FN:10,(anonymous_2)
FN:13,PostsService
FN:22,(anonymous_4)
FNF:3
FNH:1
FNDA:1,(anonymous_2)
FNDA:0,PostsService
FNDA:0,(anonymous_4)
DA:10,1
DA:11,0
DA:13,0
DA:22,1
DA:23,0
DA:25,1
LF:6
LH:3
BRF:0
BRH:0
end_of_record
TN:
SF:C:\Users\harlan\Desktop\Ricebook\src\app\profile\profile.component.ts
FN:12,(anonymous_2)
FN:40,ProfileComponent
FN:29,(anonymous_4)
FN:35,(anonymous_5)
FN:42,(anonymous_6)
FN:43,(anonymous_7)
FN:69,(anonymous_8)
FNF:7
FNH:1
FNDA:1,(anonymous_2)
FNDA:0,ProfileComponent
FNDA:0,(anonymous_4)
FNDA:0,(anonymous_5)
FNDA:0,(anonymous_6)
FNDA:0,(anonymous_7)
FNDA:0,(anonymous_8)
DA:12,1
DA:14,0
DA:16,0
DA:17,0
DA:19,0
DA:29,1
DA:30,0
DA:31,0
DA:35,1
DA:36,0
DA:37,0
DA:40,0
DA:42,1
DA:43,0
DA:44,0
DA:45,0
DA:46,0
DA:47,0
DA:48,0
DA:50,0
DA:51,0
DA:69,1
DA:70,0
DA:75,1
LF:24
LH:6
BRF:0
BRH:0
end_of_record
TN:
SF:C:\Users\harlan\Desktop\Ricebook\src\app\profile\profile.service.ts
FN:10,(anonymous_2)
FN:13,ProfileService
FN:15,(anonymous_4)
FN:19,(anonymous_5)
FNF:4
FNH:3
FNDA:1,(anonymous_2)
FNDA:1,ProfileService
FNDA:0,(anonymous_4)
FNDA:6,(anonymous_5)
DA:10,1
DA:12,1
DA:13,1
DA:15,1
DA:16,0
DA:19,1
DA:22,6
DA:32,6
DA:33,30
DA:34,6
DA:35,6
DA:36,6
DA:37,6
DA:38,6
DA:39,6
DA:43,6
DA:45,1
LF:17
LH:16
BRDA:33,0,0,6
BRDA:33,0,1,24
BRF:2
BRH:2
end_of_record
